#
# There is insufficient memory for the Java Runtime Environment to continue.
# Native memory allocation (mmap) failed to map 65536 bytes for Failed to commit metaspace.
# Possible reasons:
#   The system is out of physical RAM or swap space
#   The process is running with CompressedOops enabled, and the Java Heap may be blocking the growth of the native heap
# Possible solutions:
#   Reduce memory load on the system
#   Increase physical memory or swap space
#   Check if swap backing store is full
#   Decrease Java heap size (-Xmx/-Xms)
#   Decrease number of Java threads
#   Decrease Java thread stack sizes (-Xss)
#   Set larger code cache with -XX:ReservedCodeCacheSize=
#   JVM is running with Unscaled Compressed Oops mode in which the Java heap is
#     placed in the first 4GB address space. The Java Heap base address is the
#     maximum limit for the native heap growth. Please use -XX:HeapBaseMinAddress
#     to set the Java Heap base and to place the Java Heap above 4GB virtual address.
# This output file may be truncated or incomplete.
#
#  Out of Memory Error (virtualSpaceNode.cpp:110), pid=21796, tid=21856
#
# JRE version: Java(TM) SE Runtime Environment (18.0+36) (build 18+36-2087)
# Java VM: Java HotSpot(TM) 64-Bit Server VM (18+36-2087, mixed mode, sharing, tiered, compressed oops, compressed class ptrs, g1 gc, windows-amd64)
# No core dump will be written. Minidumps are not enabled by default on client versions of Windows
#

---------------  S U M M A R Y ------------

Command Line: -Dfile.encoding=UTF-8 --module-path=C:\Users\91745\Downloads\mysql-connector-j-8.0.32\mysql-connector-j-8.0.32\mysql-connector-j-8.0.32.jar -XX:+ShowCodeDetailsInExceptionMessages com.datahive.app.Details

Host: AMD Ryzen 3 3250U with Radeon Graphics         , 4 cores, 5G,  Windows 11 , 64 bit Build 22621 (10.0.22621.1194)
Time: Sat Mar  4 19:19:34 2023 India Standard Time elapsed time: 1.078443 seconds (0d 0h 0m 1s)

---------------  T H R E A D  ---------------

Current thread (0x000002a7ed64c780):  JavaThread "main" [_thread_in_vm, id=21856, stack(0x000000ebc8f00000,0x000000ebc9000000)]

Stack: [0x000000ebc8f00000,0x000000ebc9000000]
Native frames: (J=compiled Java code, j=interpreted, Vv=VM code, C=native code)
V  [jvm.dll+0x69804a]
V  [jvm.dll+0x7f308d]
V  [jvm.dll+0x7f499e]
V  [jvm.dll+0x7f5053]
V  [jvm.dll+0x25ca3f]
V  [jvm.dll+0x7eed9b]
V  [jvm.dll+0x63e276]
V  [jvm.dll+0x63e2da]
V  [jvm.dll+0x640b5e]
V  [jvm.dll+0x640a1e]
V  [jvm.dll+0x63ec3e]
V  [jvm.dll+0x25108f]
V  [jvm.dll+0x649275]
V  [jvm.dll+0x202381]
V  [jvm.dll+0x2028b5]
V  [jvm.dll+0x2032ef]
V  [jvm.dll+0x1f8781]
V  [jvm.dll+0x55cea5]
V  [jvm.dll+0x209637]
V  [jvm.dll+0x76c73d]
V  [jvm.dll+0x76da76]
V  [jvm.dll+0x76dda8]
V  [jvm.dll+0x254d46]
V  [jvm.dll+0x254f8f]
V  [jvm.dll+0x57b978]
V  [jvm.dll+0x57e7a0]
V  [jvm.dll+0x3a4743]
V  [jvm.dll+0x3a3ddf]
C  0x000002a78001a5ec

Java frames: (J=compiled Java code, j=interpreted, Vv=VM code)
j  sun.awt.AppContext$2.run()Ljava/lang/Void;+27 java.desktop@18
j  sun.awt.AppContext$2.run()Ljava/lang/Object;+1 java.desktop@18
j  java.security.AccessController.executePrivileged(Ljava/security/PrivilegedAction;Ljava/security/AccessControlContext;Ljava/lang/Class;)Ljava/lang/Object;+29 java.base@18
j  java.security.AccessController.doPrivileged(Ljava/security/PrivilegedAction;)Ljava/lang/Object;+5 java.base@18
j  sun.awt.AppContext.initMainAppContext()V+7 java.desktop@18
j  sun.awt.AppContext$3.run()Lsun/awt/AppContext;+40 java.desktop@18
j  sun.awt.AppContext$3.run()Ljava/lang/Object;+1 java.desktop@18
j  java.security.AccessController.executePrivileged(Ljava/security/PrivilegedAction;Ljava/security/AccessControlContext;Ljava/lang/Class;)Ljava/lang/Object;+29 java.base@18
j  java.security.AccessController.doPrivileged(Ljava/security/PrivilegedAction;)Ljava/lang/Object;+5 java.base@18
j  sun.awt.AppContext.getAppContext()Lsun/awt/AppContext;+42 java.desktop@18
j  java.awt.Component.<init>()V+130 java.desktop@18
j  java.awt.Container.<init>()V+1 java.desktop@18
j  java.awt.Window.<init>()V+1 java.desktop@18
j  java.awt.Frame.<init>(Ljava/lang/String;)V+1 java.desktop@18
j  java.awt.Frame.<init>()V+3 java.desktop@18
j  javax.swing.JFrame.<init>()V+1 java.desktop@18
j  com.datahive.app.Details.<init>()V+1
j  com.datahive.app.Details.main([Ljava/lang/String;)V+3
v  ~StubRoutines::call_stub

---------------  P R O C E S S  ---------------

Threads class SMR info:
_java_thread_list=0x000002a7ff11c430, length=12, elements={
0x000002a7ed64c780, 0x000002a7ed706420, 0x000002a7ed70c4a0, 0x000002a7fac75720,
0x000002a7fac77fe0, 0x000002a7fac79030, 0x000002a7fac7d580, 0x000002a7fac7f0a0,
0x000002a7fac80130, 0x000002a7fac8b9e0, 0x000002a7ff0105f0, 0x000002a7ff10e9c0
}

Java Threads: ( => current thread )
=>0x000002a7ed64c780 JavaThread "main" [_thread_in_vm, id=21856, stack(0x000000ebc8f00000,0x000000ebc9000000)]
  0x000002a7ed706420 JavaThread "Reference Handler" daemon [_thread_blocked, id=21996, stack(0x000000ebc9600000,0x000000ebc9700000)]
  0x000002a7ed70c4a0 JavaThread "Finalizer" daemon [_thread_blocked, id=22000, stack(0x000000ebc9700000,0x000000ebc9800000)]
  0x000002a7fac75720 JavaThread "Signal Dispatcher" daemon [_thread_blocked, id=22012, stack(0x000000ebc9800000,0x000000ebc9900000)]
  0x000002a7fac77fe0 JavaThread "Attach Listener" daemon [_thread_blocked, id=22016, stack(0x000000ebc9900000,0x000000ebc9a00000)]
  0x000002a7fac79030 JavaThread "Service Thread" daemon [_thread_blocked, id=22020, stack(0x000000ebc9a00000,0x000000ebc9b00000)]
  0x000002a7fac7d580 JavaThread "Monitor Deflation Thread" daemon [_thread_blocked, id=22024, stack(0x000000ebc9b00000,0x000000ebc9c00000)]
  0x000002a7fac7f0a0 JavaThread "C2 CompilerThread0" daemon [_thread_blocked, id=22028, stack(0x000000ebc9c00000,0x000000ebc9d00000)]
  0x000002a7fac80130 JavaThread "C1 CompilerThread0" daemon [_thread_blocked, id=22032, stack(0x000000ebc9d00000,0x000000ebc9e00000)]
  0x000002a7fac8b9e0 JavaThread "Sweeper thread" daemon [_thread_blocked, id=22036, stack(0x000000ebc9e00000,0x000000ebc9f00000)]
  0x000002a7ff0105f0 JavaThread "Common-Cleaner" daemon [_thread_blocked, id=22040, stack(0x000000ebc9f00000,0x000000ebca000000)]
  0x000002a7ff10e9c0 JavaThread "Notification Thread" daemon [_thread_blocked, id=22044, stack(0x000000ebca000000,0x000000ebca100000)]

Other Threads:
  0x000002a7ed703510 VMThread "VM Thread" [stack: 0x000000ebc9500000,0x000000ebc9600000] [id=21992]
  0x000002a7ff1014a0 WatcherThread "VM Periodic Task Thread" [stack: 0x000000ebca100000,0x000000ebca200000] [id=22048]
  0x000002a7ed69cb20 WorkerThread "GC Thread#0" [stack: 0x000000ebc9000000,0x000000ebc9100000] [id=21944]
  0x000002a7ed6a97a0 ConcurrentGCThread "G1 Main Marker" [stack: 0x000000ebc9100000,0x000000ebc9200000] [id=21948]
  0x000002a7ed6aa0a0 WorkerThread "G1 Conc#0" [stack: 0x000000ebc9200000,0x000000ebc9300000] [id=21952]
  0x000002a7ed6df850 ConcurrentGCThread "G1 Refine#0" [stack: 0x000000ebc9300000,0x000000ebc9400000] [id=21984]
  0x000002a7ed6e0970 ConcurrentGCThread "G1 Service" [stack: 0x000000ebc9400000,0x000000ebc9500000] [id=21988]

Threads with active compile tasks:

VM state: not at safepoint (normal execution)

VM Mutex/Monitor currently owned by a thread:  ([mutex/lock_event])
[0x000002a7ed646880] Metaspace_lock - owner thread: 0x000002a7ed64c780

Heap address: 0x00000000a0e00000, size: 1522 MB, Compressed Oops mode: 32-bit

CDS archive(s) mapped at: [0x0000000800000000-0x0000000800ba0000-0x0000000800ba0000), size 12189696, SharedBaseAddress: 0x0000000800000000, ArchiveRelocationMode: 0.
Compressed class space mapped at: 0x0000000800c00000-0x0000000840c00000, reserved size: 1073741824
Narrow klass base: 0x0000000800000000, Narrow klass shift: 0, Narrow klass range: 0x100000000

GC Precious Log:
 CardTable entry size: 512
 Card Set container configuration: InlinePtr #cards 5 size 8 Array Of Cards #cards 12 size 40 Howl #buckets 4 coarsen threshold 1843 Howl Bitmap #cards 512 size 80 coarsen threshold 460 Card regions per heap region 1 cards per card region 2048
 CPUs: 4 total, 4 available
 Memory: 6081M
 Large Page Support: Disabled
 NUMA Support: Disabled
 Compressed Oops: Enabled (32-bit)
 Heap Region Size: 1M
 Heap Min Capacity: 8M
 Heap Initial Capacity: 96M
 Heap Max Capacity: 1522M
 Pre-touch: Disabled
 Parallel Workers: 4
 Concurrent Workers: 1
 Concurrent Refinement Workers: 4
 Periodic GC: Disabled

Heap:
 garbage-first heap   total 98304K, used 3072K [0x00000000a0e00000, 0x0000000100000000)
  region size 1024K, 4 young (4096K), 0 survivors (0K)
 Metaspace       used 1798K, committed 1920K, reserved 1114112K
  class space    used 157K, committed 256K, reserved 1048576K

Heap Regions: E=young(eden), S=young(survivor), O=old, HS=humongous(starts), HC=humongous(continues), CS=collection set, F=free, OA=open archive, CA=closed archive, TAMS=top-at-mark-start (previous, next)
|   0|0x00000000a0e00000, 0x00000000a0e00000, 0x00000000a0f00000|  0%| F|  |TAMS 0x00000000a0e00000, 0x00000000a0e00000| Untracked 
|   1|0x00000000a0f00000, 0x00000000a0f00000, 0x00000000a1000000|  0%| F|  |TAMS 0x00000000a0f00000, 0x00000000a0f00000| Untracked 
|   2|0x00000000a1000000, 0x00000000a1000000, 0x00000000a1100000|  0%| F|  |TAMS 0x00000000a1000000, 0x00000000a1000000| Untracked 
|   3|0x00000000a1100000, 0x00000000a1100000, 0x00000000a1200000|  0%| F|  |TAMS 0x00000000a1100000, 0x00000000a1100000| Untracked 
|   4|0x00000000a1200000, 0x00000000a1200000, 0x00000000a1300000|  0%| F|  |TAMS 0x00000000a1200000, 0x00000000a1200000| Untracked 
|   5|0x00000000a1300000, 0x00000000a1300000, 0x00000000a1400000|  0%| F|  |TAMS 0x00000000a1300000, 0x00000000a1300000| Untracked 
|   6|0x00000000a1400000, 0x00000000a1400000, 0x00000000a1500000|  0%| F|  |TAMS 0x00000000a1400000, 0x00000000a1400000| Untracked 
|   7|0x00000000a1500000, 0x00000000a1500000, 0x00000000a1600000|  0%| F|  |TAMS 0x00000000a1500000, 0x00000000a1500000| Untracked 
|   8|0x00000000a1600000, 0x00000000a1600000, 0x00000000a1700000|  0%| F|  |TAMS 0x00000000a1600000, 0x00000000a1600000| Untracked 
|   9|0x00000000a1700000, 0x00000000a1700000, 0x00000000a1800000|  0%| F|  |TAMS 0x00000000a1700000, 0x00000000a1700000| Untracked 
|  10|0x00000000a1800000, 0x00000000a1800000, 0x00000000a1900000|  0%| F|  |TAMS 0x00000000a1800000, 0x00000000a1800000| Untracked 
|  11|0x00000000a1900000, 0x00000000a1900000, 0x00000000a1a00000|  0%| F|  |TAMS 0x00000000a1900000, 0x00000000a1900000| Untracked 
|  12|0x00000000a1a00000, 0x00000000a1a00000, 0x00000000a1b00000|  0%| F|  |TAMS 0x00000000a1a00000, 0x00000000a1a00000| Untracked 
|  13|0x00000000a1b00000, 0x00000000a1b00000, 0x00000000a1c00000|  0%| F|  |TAMS 0x00000000a1b00000, 0x00000000a1b00000| Untracked 
|  14|0x00000000a1c00000, 0x00000000a1c00000, 0x00000000a1d00000|  0%| F|  |TAMS 0x00000000a1c00000, 0x00000000a1c00000| Untracked 
|  15|0x00000000a1d00000, 0x00000000a1d00000, 0x00000000a1e00000|  0%| F|  |TAMS 0x00000000a1d00000, 0x00000000a1d00000| Untracked 
|  16|0x00000000a1e00000, 0x00000000a1e00000, 0x00000000a1f00000|  0%| F|  |TAMS 0x00000000a1e00000, 0x00000000a1e00000| Untracked 
|  17|0x00000000a1f00000, 0x00000000a1f00000, 0x00000000a2000000|  0%| F|  |TAMS 0x00000000a1f00000, 0x00000000a1f00000| Untracked 
|  18|0x00000000a2000000, 0x00000000a2000000, 0x00000000a2100000|  0%| F|  |TAMS 0x00000000a2000000, 0x00000000a2000000| Untracked 
|  19|0x00000000a2100000, 0x00000000a2100000, 0x00000000a2200000|  0%| F|  |TAMS 0x00000000a2100000, 0x00000000a2100000| Untracked 
|  20|0x00000000a2200000, 0x00000000a2200000, 0x00000000a2300000|  0%| F|  |TAMS 0x00000000a2200000, 0x00000000a2200000| Untracked 
|  21|0x00000000a2300000, 0x00000000a2300000, 0x00000000a2400000|  0%| F|  |TAMS 0x00000000a2300000, 0x00000000a2300000| Untracked 
|  22|0x00000000a2400000, 0x00000000a2400000, 0x00000000a2500000|  0%| F|  |TAMS 0x00000000a2400000, 0x00000000a2400000| Untracked 
|  23|0x00000000a2500000, 0x00000000a2500000, 0x00000000a2600000|  0%| F|  |TAMS 0x00000000a2500000, 0x00000000a2500000| Untracked 
|  24|0x00000000a2600000, 0x00000000a2600000, 0x00000000a2700000|  0%| F|  |TAMS 0x00000000a2600000, 0x00000000a2600000| Untracked 
|  25|0x00000000a2700000, 0x00000000a2700000, 0x00000000a2800000|  0%| F|  |TAMS 0x00000000a2700000, 0x00000000a2700000| Untracked 
|  26|0x00000000a2800000, 0x00000000a2800000, 0x00000000a2900000|  0%| F|  |TAMS 0x00000000a2800000, 0x00000000a2800000| Untracked 
|  27|0x00000000a2900000, 0x00000000a2900000, 0x00000000a2a00000|  0%| F|  |TAMS 0x00000000a2900000, 0x00000000a2900000| Untracked 
|  28|0x00000000a2a00000, 0x00000000a2a00000, 0x00000000a2b00000|  0%| F|  |TAMS 0x00000000a2a00000, 0x00000000a2a00000| Untracked 
|  29|0x00000000a2b00000, 0x00000000a2b00000, 0x00000000a2c00000|  0%| F|  |TAMS 0x00000000a2b00000, 0x00000000a2b00000| Untracked 
|  30|0x00000000a2c00000, 0x00000000a2c00000, 0x00000000a2d00000|  0%| F|  |TAMS 0x00000000a2c00000, 0x00000000a2c00000| Untracked 
|  31|0x00000000a2d00000, 0x00000000a2d00000, 0x00000000a2e00000|  0%| F|  |TAMS 0x00000000a2d00000, 0x00000000a2d00000| Untracked 
|  32|0x00000000a2e00000, 0x00000000a2e00000, 0x00000000a2f00000|  0%| F|  |TAMS 0x00000000a2e00000, 0x00000000a2e00000| Untracked 
|  33|0x00000000a2f00000, 0x00000000a2f00000, 0x00000000a3000000|  0%| F|  |TAMS 0x00000000a2f00000, 0x00000000a2f00000| Untracked 
|  34|0x00000000a3000000, 0x00000000a3000000, 0x00000000a3100000|  0%| F|  |TAMS 0x00000000a3000000, 0x00000000a3000000| Untracked 
|  35|0x00000000a3100000, 0x00000000a3100000, 0x00000000a3200000|  0%| F|  |TAMS 0x00000000a3100000, 0x00000000a3100000| Untracked 
|  36|0x00000000a3200000, 0x00000000a3200000, 0x00000000a3300000|  0%| F|  |TAMS 0x00000000a3200000, 0x00000000a3200000| Untracked 
|  37|0x00000000a3300000, 0x00000000a3300000, 0x00000000a3400000|  0%| F|  |TAMS 0x00000000a3300000, 0x00000000a3300000| Untracked 
|  38|0x00000000a3400000, 0x00000000a3400000, 0x00000000a3500000|  0%| F|  |TAMS 0x00000000a3400000, 0x00000000a3400000| Untracked 
|  39|0x00000000a3500000, 0x00000000a3500000, 0x00000000a3600000|  0%| F|  |TAMS 0x00000000a3500000, 0x00000000a3500000| Untracked 
|  40|0x00000000a3600000, 0x00000000a3600000, 0x00000000a3700000|  0%| F|  |TAMS 0x00000000a3600000, 0x00000000a3600000| Untracked 
|  41|0x00000000a3700000, 0x00000000a3700000, 0x00000000a3800000|  0%| F|  |TAMS 0x00000000a3700000, 0x00000000a3700000| Untracked 
|  42|0x00000000a3800000, 0x00000000a3800000, 0x00000000a3900000|  0%| F|  |TAMS 0x00000000a3800000, 0x00000000a3800000| Untracked 
|  43|0x00000000a3900000, 0x00000000a3900000, 0x00000000a3a00000|  0%| F|  |TAMS 0x00000000a3900000, 0x00000000a3900000| Untracked 
|  44|0x00000000a3a00000, 0x00000000a3a00000, 0x00000000a3b00000|  0%| F|  |TAMS 0x00000000a3a00000, 0x00000000a3a00000| Untracked 
|  45|0x00000000a3b00000, 0x00000000a3b00000, 0x00000000a3c00000|  0%| F|  |TAMS 0x00000000a3b00000, 0x00000000a3b00000| Untracked 
|  46|0x00000000a3c00000, 0x00000000a3c00000, 0x00000000a3d00000|  0%| F|  |TAMS 0x00000000a3c00000, 0x00000000a3c00000| Untracked 
|  47|0x00000000a3d00000, 0x00000000a3d00000, 0x00000000a3e00000|  0%| F|  |TAMS 0x00000000a3d00000, 0x00000000a3d00000| Untracked 
|  48|0x00000000a3e00000, 0x00000000a3e00000, 0x00000000a3f00000|  0%| F|  |TAMS 0x00000000a3e00000, 0x00000000a3e00000| Untracked 
|  49|0x00000000a3f00000, 0x00000000a3f00000, 0x00000000a4000000|  0%| F|  |TAMS 0x00000000a3f00000, 0x00000000a3f00000| Untracked 
|  50|0x00000000a4000000, 0x00000000a4000000, 0x00000000a4100000|  0%| F|  |TAMS 0x00000000a4000000, 0x00000000a4000000| Untracked 
|  51|0x00000000a4100000, 0x00000000a4100000, 0x00000000a4200000|  0%| F|  |TAMS 0x00000000a4100000, 0x00000000a4100000| Untracked 
|  52|0x00000000a4200000, 0x00000000a4200000, 0x00000000a4300000|  0%| F|  |TAMS 0x00000000a4200000, 0x00000000a4200000| Untracked 
|  53|0x00000000a4300000, 0x00000000a4300000, 0x00000000a4400000|  0%| F|  |TAMS 0x00000000a4300000, 0x00000000a4300000| Untracked 
|  54|0x00000000a4400000, 0x00000000a4400000, 0x00000000a4500000|  0%| F|  |TAMS 0x00000000a4400000, 0x00000000a4400000| Untracked 
|  55|0x00000000a4500000, 0x00000000a4500000, 0x00000000a4600000|  0%| F|  |TAMS 0x00000000a4500000, 0x00000000a4500000| Untracked 
|  56|0x00000000a4600000, 0x00000000a4600000, 0x00000000a4700000|  0%| F|  |TAMS 0x00000000a4600000, 0x00000000a4600000| Untracked 
|  57|0x00000000a4700000, 0x00000000a4700000, 0x00000000a4800000|  0%| F|  |TAMS 0x00000000a4700000, 0x00000000a4700000| Untracked 
|  58|0x00000000a4800000, 0x00000000a4800000, 0x00000000a4900000|  0%| F|  |TAMS 0x00000000a4800000, 0x00000000a4800000| Untracked 
|  59|0x00000000a4900000, 0x00000000a4900000, 0x00000000a4a00000|  0%| F|  |TAMS 0x00000000a4900000, 0x00000000a4900000| Untracked 
|  60|0x00000000a4a00000, 0x00000000a4a00000, 0x00000000a4b00000|  0%| F|  |TAMS 0x00000000a4a00000, 0x00000000a4a00000| Untracked 
|  61|0x00000000a4b00000, 0x00000000a4b00000, 0x00000000a4c00000|  0%| F|  |TAMS 0x00000000a4b00000, 0x00000000a4b00000| Untracked 
|  62|0x00000000a4c00000, 0x00000000a4c00000, 0x00000000a4d00000|  0%| F|  |TAMS 0x00000000a4c00000, 0x00000000a4c00000| Untracked 
|  63|0x00000000a4d00000, 0x00000000a4d00000, 0x00000000a4e00000|  0%| F|  |TAMS 0x00000000a4d00000, 0x00000000a4d00000| Untracked 
|  64|0x00000000a4e00000, 0x00000000a4e00000, 0x00000000a4f00000|  0%| F|  |TAMS 0x00000000a4e00000, 0x00000000a4e00000| Untracked 
|  65|0x00000000a4f00000, 0x00000000a4f00000, 0x00000000a5000000|  0%| F|  |TAMS 0x00000000a4f00000, 0x00000000a4f00000| Untracked 
|  66|0x00000000a5000000, 0x00000000a5000000, 0x00000000a5100000|  0%| F|  |TAMS 0x00000000a5000000, 0x00000000a5000000| Untracked 
|  67|0x00000000a5100000, 0x00000000a5100000, 0x00000000a5200000|  0%| F|  |TAMS 0x00000000a5100000, 0x00000000a5100000| Untracked 
|  68|0x00000000a5200000, 0x00000000a5200000, 0x00000000a5300000|  0%| F|  |TAMS 0x00000000a5200000, 0x00000000a5200000| Untracked 
|  69|0x00000000a5300000, 0x00000000a5300000, 0x00000000a5400000|  0%| F|  |TAMS 0x00000000a5300000, 0x00000000a5300000| Untracked 
|  70|0x00000000a5400000, 0x00000000a5400000, 0x00000000a5500000|  0%| F|  |TAMS 0x00000000a5400000, 0x00000000a5400000| Untracked 
|  71|0x00000000a5500000, 0x00000000a5500000, 0x00000000a5600000|  0%| F|  |TAMS 0x00000000a5500000, 0x00000000a5500000| Untracked 
|  72|0x00000000a5600000, 0x00000000a5600000, 0x00000000a5700000|  0%| F|  |TAMS 0x00000000a5600000, 0x00000000a5600000| Untracked 
|  73|0x00000000a5700000, 0x00000000a5700000, 0x00000000a5800000|  0%| F|  |TAMS 0x00000000a5700000, 0x00000000a5700000| Untracked 
|  74|0x00000000a5800000, 0x00000000a5800000, 0x00000000a5900000|  0%| F|  |TAMS 0x00000000a5800000, 0x00000000a5800000| Untracked 
|  75|0x00000000a5900000, 0x00000000a5900000, 0x00000000a5a00000|  0%| F|  |TAMS 0x00000000a5900000, 0x00000000a5900000| Untracked 
|  76|0x00000000a5a00000, 0x00000000a5a00000, 0x00000000a5b00000|  0%| F|  |TAMS 0x00000000a5a00000, 0x00000000a5a00000| Untracked 
|  77|0x00000000a5b00000, 0x00000000a5b00000, 0x00000000a5c00000|  0%| F|  |TAMS 0x00000000a5b00000, 0x00000000a5b00000| Untracked 
|  78|0x00000000a5c00000, 0x00000000a5c00000, 0x00000000a5d00000|  0%| F|  |TAMS 0x00000000a5c00000, 0x00000000a5c00000| Untracked 
|  79|0x00000000a5d00000, 0x00000000a5d00000, 0x00000000a5e00000|  0%| F|  |TAMS 0x00000000a5d00000, 0x00000000a5d00000| Untracked 
|  80|0x00000000a5e00000, 0x00000000a5e00000, 0x00000000a5f00000|  0%| F|  |TAMS 0x00000000a5e00000, 0x00000000a5e00000| Untracked 
|  81|0x00000000a5f00000, 0x00000000a5f00000, 0x00000000a6000000|  0%| F|  |TAMS 0x00000000a5f00000, 0x00000000a5f00000| Untracked 
|  82|0x00000000a6000000, 0x00000000a6000000, 0x00000000a6100000|  0%| F|  |TAMS 0x00000000a6000000, 0x00000000a6000000| Untracked 
|  83|0x00000000a6100000, 0x00000000a6100000, 0x00000000a6200000|  0%| F|  |TAMS 0x00000000a6100000, 0x00000000a6100000| Untracked 
|  84|0x00000000a6200000, 0x00000000a6200000, 0x00000000a6300000|  0%| F|  |TAMS 0x00000000a6200000, 0x00000000a6200000| Untracked 
|  85|0x00000000a6300000, 0x00000000a6300000, 0x00000000a6400000|  0%| F|  |TAMS 0x00000000a6300000, 0x00000000a6300000| Untracked 
|  86|0x00000000a6400000, 0x00000000a6400000, 0x00000000a6500000|  0%| F|  |TAMS 0x00000000a6400000, 0x00000000a6400000| Untracked 
|  87|0x00000000a6500000, 0x00000000a6500000, 0x00000000a6600000|  0%| F|  |TAMS 0x00000000a6500000, 0x00000000a6500000| Untracked 
|  88|0x00000000a6600000, 0x00000000a6600000, 0x00000000a6700000|  0%| F|  |TAMS 0x00000000a6600000, 0x00000000a6600000| Untracked 
|  89|0x00000000a6700000, 0x00000000a6700000, 0x00000000a6800000|  0%| F|  |TAMS 0x00000000a6700000, 0x00000000a6700000| Untracked 
|  90|0x00000000a6800000, 0x00000000a6800000, 0x00000000a6900000|  0%| F|  |TAMS 0x00000000a6800000, 0x00000000a6800000| Untracked 
|  91|0x00000000a6900000, 0x00000000a6900000, 0x00000000a6a00000|  0%| F|  |TAMS 0x00000000a6900000, 0x00000000a6900000| Untracked 
|  92|0x00000000a6a00000, 0x00000000a6ac8da8, 0x00000000a6b00000| 78%| E|  |TAMS 0x00000000a6a00000, 0x00000000a6a00000| Complete 
|  93|0x00000000a6b00000, 0x00000000a6c00000, 0x00000000a6c00000|100%| E|CS|TAMS 0x00000000a6b00000, 0x00000000a6b00000| Complete 
|  94|0x00000000a6c00000, 0x00000000a6d00000, 0x00000000a6d00000|100%| E|CS|TAMS 0x00000000a6c00000, 0x00000000a6c00000| Complete 
|  95|0x00000000a6d00000, 0x00000000a6e00000, 0x00000000a6e00000|100%| E|CS|TAMS 0x00000000a6d00000, 0x00000000a6d00000| Complete 

Card table byte_map: [0x000002a7f5270000,0x000002a7f5570000] _byte_map_base: 0x000002a7f4d69000

Marking Bits (Prev, Next): (CMBitMap*) 0x000002a7ed69d030, (CMBitMap*) 0x000002a7ed69d070
 Prev Bits: [0x000002a7f5870000, 0x000002a7f7038000)
 Next Bits: [0x000002a7f7040000, 0x000002a7f8808000)

Polling page: 0x000002a7ece10000

Metaspace:

Usage:
  Non-class:      1.60 MB used.
      Class:    157.31 KB used.
       Both:      1.76 MB used.

Virtual space:
  Non-class space:       64.00 MB reserved,       1.62 MB (  3%) committed,  1 nodes.
      Class space:        1.00 GB reserved,     256.00 KB ( <1%) committed,  1 nodes.
             Both:        1.06 GB reserved,       1.88 MB ( <1%) committed. 

Chunk freelists:
   Non-Class:  3.95 MB
       Class:  3.72 MB
        Both:  7.66 MB

MaxMetaspaceSize: unlimited
CompressedClassSpaceSize: 1.00 GB
Initial GC threshold: 21.00 MB
Current GC threshold: 21.00 MB
CDS: on
MetaspaceReclaimPolicy: balanced
 - commit_granule_bytes: 65536.
 - commit_granule_words: 8192.
 - virtual_space_node_default_size: 8388608.
 - enlarge_chunks_in_place: 1.
 - new_chunks_are_fully_committed: 0.
 - uncommit_free_chunks: 1.
 - use_allocation_guard: 0.


Internal statistics:

num_allocs_failed_limit: 0.
num_arena_births: 54.
num_arena_deaths: 0.
num_vsnodes_births: 2.
num_vsnodes_deaths: 0.
num_space_committed: 30.
num_space_uncommitted: 0.
num_chunks_returned_to_freelist: 0.
num_chunks_taken_from_freelist: 56.
num_chunk_merges: 0.
num_chunk_splits: 39.
num_chunks_enlarged: 25.
num_inconsistent_stats: 0.

CodeHeap 'non-profiled nmethods': size=120000Kb used=150Kb max_used=150Kb free=119849Kb
 bounds [0x000002a787ad0000, 0x000002a787d40000, 0x000002a78f000000]
CodeHeap 'profiled nmethods': size=120000Kb used=625Kb max_used=625Kb free=119374Kb
 bounds [0x000002a7805a0000, 0x000002a780810000, 0x000002a787ad0000]
CodeHeap 'non-nmethods': size=5760Kb used=1140Kb max_used=1155Kb free=4619Kb
 bounds [0x000002a780000000, 0x000002a780270000, 0x000002a7805a0000]
 total_blobs=884 nmethods=470 adapters=327
 compilation: enabled
              stopped_count=0, restarted_count=0
 full_count=0

Compilation events (20 events):
Event: 1.025 Thread 0x000002a7fac80130  453       3       sun.invoke.util.Wrapper::findPrimitiveType (25 bytes)
Event: 1.027 Thread 0x000002a7fac80130 nmethod 453 0x000002a780633f90 code [0x000002a780634220, 0x000002a780634fa8]
Event: 1.027 Thread 0x000002a7fac80130  462       3       jdk.internal.org.objectweb.asm.ByteVector::put122 (93 bytes)
Event: 1.028 Thread 0x000002a7fac80130 nmethod 462 0x000002a780635510 code [0x000002a7806356c0, 0x000002a780635948]
Event: 1.028 Thread 0x000002a7fac80130  463       3       java.lang.invoke.LambdaForm::uncustomize (57 bytes)
Event: 1.028 Thread 0x000002a7fac80130 nmethod 463 0x000002a780635b10 code [0x000002a780635cc0, 0x000002a780635fe8]
Event: 1.029 Thread 0x000002a7fac7f0a0 nmethod 455 0x000002a787af4690 code [0x000002a787af4840, 0x000002a787af4bd8]
Event: 1.054 Thread 0x000002a7fac80130  464       3       sun.invoke.util.Wrapper::forPrimitiveType (49 bytes)
Event: 1.057 Thread 0x000002a7fac80130 nmethod 464 0x000002a780636110 code [0x000002a780636480, 0x000002a780637ac8]
Event: 1.060 Thread 0x000002a7fac80130  465   !   3       java.lang.invoke.MemberName::clone (14 bytes)
Event: 1.060 Thread 0x000002a7fac80130 nmethod 465 0x000002a780638310 code [0x000002a7806384e0, 0x000002a780638858]
Event: 1.060 Thread 0x000002a7fac80130  466       3       java.lang.StringLatin1::lastIndexOf (40 bytes)
Event: 1.061 Thread 0x000002a7fac7f0a0  468       4       java.lang.StringLatin1::replace (198 bytes)
Event: 1.061 Thread 0x000002a7fac80130 nmethod 466 0x000002a780638a10 code [0x000002a780638be0, 0x000002a780638fd8]
Event: 1.061 Thread 0x000002a7fac80130  467       3       java.lang.invoke.MemberName::checkForTypeAlias (172 bytes)
Event: 1.065 Thread 0x000002a7fac80130 nmethod 467 0x000002a780639110 code [0x000002a780639580, 0x000002a78063b418]
Event: 1.065 Thread 0x000002a7fac80130  470       3       java.lang.invoke.MethodType::basicType (8 bytes)
Event: 1.065 Thread 0x000002a7fac80130 nmethod 470 0x000002a78063bc90 code [0x000002a78063be20, 0x000002a78063bf58]
Event: 1.065 Thread 0x000002a7fac80130  469       3       java.lang.invoke.MemberName::<init> (50 bytes)
Event: 1.066 Thread 0x000002a7fac80130 nmethod 469 0x000002a78063c010 code [0x000002a78063c1e0, 0x000002a78063c4f8]

GC Heap History (0 events):
No events

Deoptimization events (12 events):
Event: 0.857 Thread 0x000002a7ed64c780 Uncommon trap: trap_request=0xffffff45 fr.pc=0x000002a787ae2880 relative=0x0000000000000640
Event: 0.857 Thread 0x000002a7ed64c780 Uncommon trap: reason=unstable_if action=reinterpret pc=0x000002a787ae2880 method=java.util.ImmutableCollections$SetN.probe(Ljava/lang/Object;)I @ 34 c2
Event: 0.857 Thread 0x000002a7ed64c780 DEOPT PACKING pc=0x000002a787ae2880 sp=0x000000ebc8ffefe0
Event: 0.857 Thread 0x000002a7ed64c780 DEOPT UNPACKING pc=0x000002a7800523a3 sp=0x000000ebc8ffef80 mode 2
Event: 0.869 Thread 0x000002a7ed64c780 Uncommon trap: trap_request=0xffffff45 fr.pc=0x000002a787ae38f0 relative=0x00000000000003d0
Event: 0.869 Thread 0x000002a7ed64c780 Uncommon trap: reason=unstable_if action=reinterpret pc=0x000002a787ae38f0 method=java.lang.StringLatin1.newString([BII)Ljava/lang/String; @ 1 c2
Event: 0.869 Thread 0x000002a7ed64c780 DEOPT PACKING pc=0x000002a787ae38f0 sp=0x000000ebc8ffed90
Event: 0.870 Thread 0x000002a7ed64c780 DEOPT UNPACKING pc=0x000002a7800523a3 sp=0x000000ebc8ffed58 mode 2
Event: 0.887 Thread 0x000002a7ed64c780 Uncommon trap: trap_request=0xffffff45 fr.pc=0x000002a787add62c relative=0x00000000000000ac
Event: 0.887 Thread 0x000002a7ed64c780 Uncommon trap: reason=unstable_if action=reinterpret pc=0x000002a787add62c method=java.lang.String.isLatin1()Z @ 10 c2
Event: 0.888 Thread 0x000002a7ed64c780 DEOPT PACKING pc=0x000002a787add62c sp=0x000000ebc8fff2b0
Event: 0.888 Thread 0x000002a7ed64c780 DEOPT UNPACKING pc=0x000002a7800523a3 sp=0x000000ebc8fff1f0 mode 2

Classes loaded (20 events):
Event: 1.058 Loading class java/awt/Component$3 done
Event: 1.062 Loading class sun/awt/AppContext
Event: 1.063 Loading class sun/awt/AppContext done
Event: 1.064 Loading class sun/awt/AppContext$GetAppContextLock
Event: 1.066 Loading class sun/awt/AppContext$GetAppContextLock done
Event: 1.066 Loading class sun/awt/AppContext$6
Event: 1.066 Loading class jdk/internal/access/JavaAWTAccess
Event: 1.066 Loading class jdk/internal/access/JavaAWTAccess done
Event: 1.066 Loading class sun/awt/AppContext$6 done
Event: 1.066 Loading class sun/awt/AppContext$3
Event: 1.068 Loading class sun/awt/AppContext$3 done
Event: 1.068 Loading class sun/awt/AppContext$2
Event: 1.069 Loading class sun/awt/AppContext$2 done
Event: 1.069 Loading class sun/awt/SunToolkit
Event: 1.072 Loading class sun/awt/ComponentFactory
Event: 1.072 Loading class sun/awt/ComponentFactory done
Event: 1.072 Loading class sun/awt/InputMethodSupport
Event: 1.072 Loading class sun/awt/InputMethodSupport done
Event: 1.072 Loading class sun/awt/KeyboardFocusManagerPeerProvider
Event: 1.073 Loading class sun/awt/KeyboardFocusManagerPeerProvider done

Classes unloaded (0 events):
No events

Classes redefined (0 events):
No events

Internal exceptions (8 events):
Event: 0.830 Thread 0x000002a7ed64c780 Exception <a 'java/lang/NoSuchMethodError'{0x00000000a6b47d50}: 'void java.lang.invoke.DirectMethodHandle$Holder.invokeSpecial(java.lang.Object, java.lang.Object, java.lang.Object)'> (0x00000000a6b47d50) 
thrown [t:\workspace\open\src\hotspot\share\interpreter\linkResolver.cpp, line 766]
Event: 0.841 Thread 0x000002a7ed64c780 Exception <a 'java/lang/NoSuchMethodError'{0x00000000a6b5b018}: 'void java.lang.invoke.DirectMethodHandle$Holder.invokeSpecial(java.lang.Object, java.lang.Object, java.lang.Object, java.lang.Object, java.lang.Object)'> (0x00000000a6b5b018) 
thrown [t:\workspace\open\src\hotspot\share\interpreter\linkResolver.cpp, line 766]
Event: 0.848 Thread 0x000002a7ed64c780 Exception <a 'java/lang/NoSuchMethodError'{0x00000000a6b6af60}: 'java.lang.Object java.lang.invoke.DirectMethodHandle$Holder.invokeInterface(java.lang.Object, java.lang.Object)'> (0x00000000a6b6af60) 
thrown [t:\workspace\open\src\hotspot\share\interpreter\linkResolver.cpp, line 766]
Event: 0.849 Thread 0x000002a7ed64c780 Exception <a 'java/lang/IncompatibleClassChangeError'{0x00000000a6b6e4a8}: Found class java.lang.Object, but interface was expected> (0x00000000a6b6e4a8) 
thrown [t:\workspace\open\src\hotspot\share\interpreter\linkResolver.cpp, line 833]
Event: 0.851 Thread 0x000002a7ed64c780 Exception <a 'java/lang/NoSuchMethodError'{0x00000000a6b71398}: 'void java.lang.invoke.DirectMethodHandle$Holder.invokeStatic(java.lang.Object, java.lang.Object, java.lang.Object, java.lang.Object)'> (0x00000000a6b71398) 
thrown [t:\workspace\open\src\hotspot\share\interpreter\linkResolver.cpp, line 766]
Event: 0.955 Thread 0x000002a7ed64c780 Exception <a 'java/lang/ClassNotFoundException'{0x00000000a6a33910}: sun/awt/resources/spi/awtProvider> (0x00000000a6a33910) 
thrown [t:\workspace\open\src\hotspot\share\classfile\systemDictionary.cpp, line 255]
Event: 1.007 Thread 0x000002a7ed64c780 Exception <a 'java/io/FileNotFoundException'{0x00000000a6a85690}> (0x00000000a6a85690) 
thrown [t:\workspace\open\src\hotspot\share\prims\jni.cpp, line 516]
Event: 1.024 Thread 0x000002a7ed64c780 Exception <a 'java/io/FileNotFoundException'{0x00000000a6ab29c0}> (0x00000000a6ab29c0) 
thrown [t:\workspace\open\src\hotspot\share\prims\jni.cpp, line 516]

VM Operations (2 events):
Event: 0.757 Executing VM operation: HandshakeAllThreads
Event: 0.757 Executing VM operation: HandshakeAllThreads done

Events (19 events):
Event: 0.033 Loaded shared library C:\Program Files\Java\jdk-18\bin\java.dll
Event: 0.555 Loaded shared library C:\Program Files\Java\jdk-18\bin\jsvml.dll
Event: 0.556 Thread 0x000002a7ed64c780 Thread added: 0x000002a7ed64c780
Event: 0.570 Thread 0x000002a7ed706420 Thread added: 0x000002a7ed706420
Event: 0.571 Thread 0x000002a7ed70c4a0 Thread added: 0x000002a7ed70c4a0
Event: 0.616 Thread 0x000002a7fac75720 Thread added: 0x000002a7fac75720
Event: 0.617 Thread 0x000002a7fac77fe0 Thread added: 0x000002a7fac77fe0
Event: 0.617 Thread 0x000002a7fac79030 Thread added: 0x000002a7fac79030
Event: 0.617 Thread 0x000002a7fac7d580 Thread added: 0x000002a7fac7d580
Event: 0.618 Thread 0x000002a7fac7f0a0 Thread added: 0x000002a7fac7f0a0
Event: 0.618 Thread 0x000002a7fac80130 Thread added: 0x000002a7fac80130
Event: 0.618 Thread 0x000002a7fac8b9e0 Thread added: 0x000002a7fac8b9e0
Event: 0.692 Thread 0x000002a7ff0105f0 Thread added: 0x000002a7ff0105f0
Event: 0.723 Loaded shared library C:\Program Files\Java\jdk-18\bin\net.dll
Event: 0.731 Loaded shared library C:\Program Files\Java\jdk-18\bin\nio.dll
Event: 0.753 Loaded shared library C:\Program Files\Java\jdk-18\bin\zip.dll
Event: 0.885 Thread 0x000002a7ff10e9c0 Thread added: 0x000002a7ff10e9c0
Event: 0.926 Loaded shared library C:\Program Files\Java\jdk-18\bin\jimage.dll
Event: 0.980 Loaded shared library C:\Program Files\Java\jdk-18\bin\awt.dll


Dynamic libraries:
0x00007ff755400000 - 0x00007ff755410000 	C:\Program Files\Java\jdk-18\bin\javaw.exe
0x00007ffb6dab0000 - 0x00007ffb6dcc4000 	C:\WINDOWS\SYSTEM32\ntdll.dll
0x00007ffb6c880000 - 0x00007ffb6c943000 	C:\WINDOWS\System32\KERNEL32.DLL
0x00007ffb6b260000 - 0x00007ffb6b5fc000 	C:\WINDOWS\System32\KERNELBASE.dll
0x00007ffb6b010000 - 0x00007ffb6b121000 	C:\WINDOWS\System32\ucrtbase.dll
0x00007ffb63220000 - 0x00007ffb63238000 	C:\Program Files\Java\jdk-18\bin\jli.dll
0x00007ffb6c390000 - 0x00007ffb6c43e000 	C:\WINDOWS\System32\ADVAPI32.dll
0x00007ffb6d9c0000 - 0x00007ffb6da67000 	C:\WINDOWS\System32\msvcrt.dll
0x00007ffb6d910000 - 0x00007ffb6d9b4000 	C:\WINDOWS\System32\sechost.dll
0x00007ffb63270000 - 0x00007ffb6328a000 	C:\Program Files\Java\jdk-18\bin\VCRUNTIME140.dll
0x00007ffb6d7f0000 - 0x00007ffb6d905000 	C:\WINDOWS\System32\RPCRT4.dll
0x00007ffb6d350000 - 0x00007ffb6d4fd000 	C:\WINDOWS\System32\USER32.dll
0x00007ffb6b890000 - 0x00007ffb6b8b6000 	C:\WINDOWS\System32\win32u.dll
0x00007ffb5b5c0000 - 0x00007ffb5b84e000 	C:\WINDOWS\WinSxS\amd64_microsoft.windows.common-controls_6595b64144ccf1df_6.0.22621.608_none_a9444ca7c10bb01d\COMCTL32.dll
0x00007ffb6d520000 - 0x00007ffb6d549000 	C:\WINDOWS\System32\GDI32.dll
0x00007ffb6b770000 - 0x00007ffb6b882000 	C:\WINDOWS\System32\gdi32full.dll
0x00007ffb6aef0000 - 0x00007ffb6af8a000 	C:\WINDOWS\System32\msvcp_win.dll
0x00007ffb62890000 - 0x00007ffb6289a000 	C:\WINDOWS\SYSTEM32\VERSION.dll
0x00007ffb6cfe0000 - 0x00007ffb6d012000 	C:\WINDOWS\System32\IMM32.DLL
0x00007ffb66430000 - 0x00007ffb6643c000 	C:\Program Files\Java\jdk-18\bin\vcruntime140_1.dll
0x00007ffb54750000 - 0x00007ffb547dd000 	C:\Program Files\Java\jdk-18\bin\msvcp140.dll
0x00007ffb2d7b0000 - 0x00007ffb2e3c1000 	C:\Program Files\Java\jdk-18\bin\server\jvm.dll
0x00007ffb6b9c0000 - 0x00007ffb6b9c8000 	C:\WINDOWS\System32\PSAPI.DLL
0x00007ffb5b220000 - 0x00007ffb5b229000 	C:\WINDOWS\SYSTEM32\WSOCK32.dll
0x00007ffb62e20000 - 0x00007ffb62e54000 	C:\WINDOWS\SYSTEM32\WINMM.dll
0x00007ffb6d110000 - 0x00007ffb6d181000 	C:\WINDOWS\System32\WS2_32.dll
0x00007ffb69f00000 - 0x00007ffb69f18000 	C:\WINDOWS\SYSTEM32\kernel.appcore.dll
0x00007ffb66400000 - 0x00007ffb6640a000 	C:\Program Files\Java\jdk-18\bin\jimage.dll
0x00007ffb5f9c0000 - 0x00007ffb5fbee000 	C:\WINDOWS\SYSTEM32\DBGHELP.DLL
0x00007ffb6c4f0000 - 0x00007ffb6c87a000 	C:\WINDOWS\System32\combase.dll
0x00007ffb6d710000 - 0x00007ffb6d7e7000 	C:\WINDOWS\System32\OLEAUT32.dll
0x00007ffb51a90000 - 0x00007ffb51ac2000 	C:\WINDOWS\SYSTEM32\dbgcore.DLL
0x00007ffb6af90000 - 0x00007ffb6b00b000 	C:\WINDOWS\System32\bcryptPrimitives.dll
0x00007ffb5e620000 - 0x00007ffb5e645000 	C:\Program Files\Java\jdk-18\bin\java.dll
0x00007ffb4cd80000 - 0x00007ffb4ce56000 	C:\Program Files\Java\jdk-18\bin\jsvml.dll
0x00007ffb6b9d0000 - 0x00007ffb6c1bf000 	C:\WINDOWS\System32\SHELL32.dll
0x00007ffb68ec0000 - 0x00007ffb69788000 	C:\WINDOWS\SYSTEM32\windows.storage.dll
0x00007ffb68d80000 - 0x00007ffb68ebe000 	C:\WINDOWS\SYSTEM32\wintypes.dll
0x00007ffb6cee0000 - 0x00007ffb6cfd1000 	C:\WINDOWS\System32\SHCORE.dll
0x00007ffb6c330000 - 0x00007ffb6c38e000 	C:\WINDOWS\System32\shlwapi.dll
0x00007ffb6ae20000 - 0x00007ffb6ae41000 	C:\WINDOWS\SYSTEM32\profapi.dll
0x00007ffb59ff0000 - 0x00007ffb5a003000 	C:\Program Files\Java\jdk-18\bin\net.dll
0x00007ffb60d20000 - 0x00007ffb60e4f000 	C:\WINDOWS\SYSTEM32\WINHTTP.dll
0x00007ffb6a360000 - 0x00007ffb6a3c9000 	C:\WINDOWS\system32\mswsock.dll
0x00007ffb59fd0000 - 0x00007ffb59fe6000 	C:\Program Files\Java\jdk-18\bin\nio.dll
0x00007ffb59f90000 - 0x00007ffb59fa8000 	C:\Program Files\Java\jdk-18\bin\zip.dll
0x00007ffb49120000 - 0x00007ffb492af000 	C:\Program Files\Java\jdk-18\bin\awt.dll
0x00007ffb682f0000 - 0x00007ffb68387000 	C:\WINDOWS\SYSTEM32\apphelp.dll

dbghelp: loaded successfully - version: 4.0.5 - missing functions: none
symbol engine: initialized successfully - sym options: 0x614 - pdb path: .;C:\Program Files\Java\jdk-18\bin;C:\WINDOWS\SYSTEM32;C:\WINDOWS\WinSxS\amd64_microsoft.windows.common-controls_6595b64144ccf1df_6.0.22621.608_none_a9444ca7c10bb01d;C:\Program Files\Java\jdk-18\bin\server

VM Arguments:
jvm_args: -Dfile.encoding=UTF-8 --module-path=C:\Users\91745\Downloads\mysql-connector-j-8.0.32\mysql-connector-j-8.0.32\mysql-connector-j-8.0.32.jar -XX:+ShowCodeDetailsInExceptionMessages 
java_command: com.datahive.app.Details
java_class_path (initial): D:\PROJECTS\Data-Hive\Data-Hive App\bin
Launcher Type: SUN_STANDARD

[Global flags]
     intx CICompilerCount                          = 3                                         {product} {ergonomic}
     uint ConcGCThreads                            = 1                                         {product} {ergonomic}
     uint G1ConcRefinementThreads                  = 4                                         {product} {ergonomic}
   size_t G1HeapRegionSize                         = 1048576                                   {product} {ergonomic}
    uintx GCDrainStackTargetSize                   = 64                                        {product} {ergonomic}
   size_t InitialHeapSize                          = 100663296                                 {product} {ergonomic}
   size_t MarkStackSize                            = 4194304                                   {product} {ergonomic}
   size_t MaxHeapSize                              = 1595932672                                {product} {ergonomic}
   size_t MaxNewSize                               = 957349888                                 {product} {ergonomic}
   size_t MinHeapDeltaBytes                        = 1048576                                   {product} {ergonomic}
   size_t MinHeapSize                              = 8388608                                   {product} {ergonomic}
    uintx NonNMethodCodeHeapSize                   = 5832780                                {pd product} {ergonomic}
    uintx NonProfiledCodeHeapSize                  = 122912730                              {pd product} {ergonomic}
    uintx ProfiledCodeHeapSize                     = 122912730                              {pd product} {ergonomic}
    uintx ReservedCodeCacheSize                    = 251658240                              {pd product} {ergonomic}
     bool SegmentedCodeCache                       = true                                      {product} {ergonomic}
     bool ShowCodeDetailsInExceptionMessages       = true                                   {manageable} {command line}
   size_t SoftMaxHeapSize                          = 1595932672                             {manageable} {ergonomic}
     bool UseCompressedClassPointers               = true                           {product lp64_product} {ergonomic}
     bool UseCompressedOops                        = true                           {product lp64_product} {ergonomic}
     bool UseG1GC                                  = true                                      {product} {ergonomic}
     bool UseLargePagesIndividualAllocation        = false                                  {pd product} {ergonomic}

Logging:
Log output configuration:
 #0: stdout all=warning uptime,level,tags foldmultilines=false
 #1: stderr all=off uptime,level,tags foldmultilines=false

Environment Variables:
PATH=C:\Program Files\Common Files\Oracle\Java\javapath;C:\WINDOWS\system32;C:\WINDOWS;C:\WINDOWS\System32\Wbem;C:\WINDOWS\System32\WindowsPowerShell\v1.0\;C:\WINDOWS\System32\OpenSSH\;C:\Program Files\Amazon\AWSCLIV2\;C:\Program Files\PuTTY\;C:\Program Files\Git\cmd;C:\Program Files\MySQL\MySQL Shell 8.0\bin\;C:\Users\91745\AppData\Local\Programs\Python\Python310\Scripts\;C:\Users\91745\AppData\Local\Programs\Python\Python310\;C:\Users\91745\AppData\Local\Microsoft\WindowsApps;C:\Users\91745\AppData\Local\Programs\Microsoft VS Code\bin;C:\Program Files\JetBrains\IntelliJ IDEA Community Edition 2021.3.3\bin;;C:\Program Files\JetBrains\PyCharm Community Edition 2021.3.2\bin;;C:\Users\91745\AppData\Local\GitHubDesktop\bin
USERNAME=91745
OS=Windows_NT
PROCESSOR_IDENTIFIER=AMD64 Family 23 Model 24 Stepping 1, AuthenticAMD



---------------  S Y S T E M  ---------------

OS:
 Windows 11 , 64 bit Build 22621 (10.0.22621.1194)
OS uptime: 1 days 7:10 hours
Hyper-V role detected

CPU: total 4 (initial active 4) (4 cores per cpu, 2 threads per core) family 23 model 24 stepping 1 microcode 0x0, cx8, cmov, fxsr, ht, mmx, 3dnowpref, sse, sse2, sse3, ssse3, sse4a, sse4.1, sse4.2, popcnt, lzcnt, tsc, tscinvbit, avx, avx2, aes, clmul, bmi1, bmi2, adx, sha, fma, vzeroupper, clflush, clflushopt, hv

Memory: 4k page, system-wide physical 6081M (74M free)
TotalPageFile size 24513M (AvailPageFile size 0M)
current process WorkingSet (physical memory assigned to process): 40M, peak: 40M
current process commit charge ("private bytes"): 171M, peak: 171M

vm_info: Java HotSpot(TM) 64-Bit Server VM (18+36-2087) for windows-amd64 JRE (18+36-2087), built on Feb 15 2022 09:43:11 by "mach5one" with MS VC++ 16.8 / 16.9 (VS2019)

END.
